<?xml version="1.0" encoding="UTF-8"?>
<!-- Generated by org.testng.reporters.JUnitReportReporter -->
<testsuite name="abcd.NewTest" tests="1" time="0.000" ignored="0" failures="0" timestamp="24 May 2019 04:35:32 GMT" skipped="0" hostname="minipc-2" errors="0">
  <testcase name="f" time="0.000" classname="abcd.NewTest"/>
</testsuite> <!-- abcd.NewTest -->
