<?xml version="1.0" encoding="UTF-8"?>
<!-- Generated by org.testng.reporters.JUnitReportReporter -->
<testsuite name="abcd.Test28" tests="4" time="0.015" ignored="0" failures="0" timestamp="24 May 2019 03:48:17 GMT" skipped="0" hostname="minipc-2" errors="0">
  <testcase name="FundTransfer" time="0.000" classname="abcd.Test28"/>
  <testcase name="Ministatement" time="0.000" classname="abcd.Test28"/>
  <testcase name="Billpayment" time="0.015" classname="abcd.Test28"/>
  <testcase name="BalanceEnquiry" time="0.000" classname="abcd.Test28"/>
</testsuite> <!-- abcd.Test28 -->
