<?xml version="1.0" encoding="UTF-8"?>
<!-- Generated by org.testng.reporters.JUnitReportReporter -->
<testsuite name="abcd.Test22" tests="1" time="9.726" ignored="0" failures="0" timestamp="22 May 2019 03:58:20 GMT" skipped="0" hostname="minipc-2" errors="0">
  <testcase name="VerifyTitle" time="9.726" classname="abcd.Test22"/>
</testsuite> <!-- abcd.Test22 -->
